<?xml version="1.0" encoding="UTF-8"?>
<!-- Generated by org.testng.reporters.JUnitXMLReporter -->
<testsuite ignored="0" hostname="SUCSekhar98" failures="1" tests="4" name="Test1" time="11.009" errors="0" timestamp="2025-03-29T19:04:17 IST">
  <testcase classname="org.uma.api.validations.UserValidations" name="validatePostUser" time="3.626"/>
  <testcase classname="org.uma.api.validations.UserValidations" name="validateGetUser" time="1.651"/>
  <testcase classname="org.uma.api.validations.UserValidations" name="validateUpdateUser" time="3.63">
    <failure type="java.lang.AssertionError" message="expected [Kaycee] but found [Felipe]">
      <![CDATA[java.lang.AssertionError: expected [Kaycee] but found [Felipe]
at org.uma.api.validations.UserValidations.validateUpdateUser(UserValidations.java:71)
at java.base/java.util.ArrayList.forEach(ArrayList.java:1596)
... Removed 31 stack frames]]>
    </failure>
  </testcase> <!-- validateUpdateUser -->
  <testcase classname="org.uma.api.validations.UserValidations" name="validateDeleteUser" time="1.502"/>
</testsuite> <!-- Test1 -->
